1998991704
1999819610
1998835516
1999546470
1999049898
1999583572
1999816551
1999653899
1998145538
1998604582
1999157573
1998752788
1999117600
1999582522
1999720816
1999329267
1999586136
1999152334
1999377628
1998700420
1999551865
1998678797
1997889928
1998250401
1999571508
1998470805
1998866327
1999475220
1998913764
1999506940
1999183718
1999860380
1999121054
1999384940
1999758448
1999114278
1999302992
1999157441
1999561068
1998417886
1998776751
1999591417
1999605383
1999624228
1999070600
1999502614
1999867081
1998737982
1998562287
1999598412
